<?xml version="1.0" encoding="UTF-8"?>
<!-- Generated by org.testng.reporters.JUnitReportReporter -->
<testsuite skipped="0" hostname="THALA-PC" name="com.azure.qa.testcases.LoginPageTest" tests="1" failures="0" timestamp="2021-07-08T21:15:18 IST" time="9.915" errors="0">
  <testcase name="verifyFlightSearchTest" time="9.915" classname="com.azure.qa.testcases.LoginPageTest"/>
  <system-out/>
</testsuite> <!-- com.azure.qa.testcases.LoginPageTest -->
